<?xml version="1.0" encoding="UTF-8"?>
<!-- Generated by org.testng.reporters.JUnitReportReporter -->
<testsuite name="com.qmetry.qaf.automation.step.client.Scenario" tests="4" time="182.759" ignored="0" failures="0" timestamp="01 Aug 2018 06:27:26 GMT" skipped="0" hostname="Bingo" errors="0">
  <testcase name="Validate no internet connection error message" time="14.619" classname="com.qmetry.qaf.automation.step.client.Scenario"/>
  <testcase name="Validate no internet connection error message" time="61.182" classname="com.qmetry.qaf.automation.step.client.Scenario"/>
  <testcase name="Validating invalid user name and password error message" time="37.238" classname="com.qmetry.qaf.automation.step.client.Scenario"/>
  <testcase name="Validating invalid user name and password error message" time="69.720" classname="com.qmetry.qaf.automation.step.client.Scenario"/>
</testsuite> <!-- com.qmetry.qaf.automation.step.client.Scenario -->
